#
# A fatal error has been detected by the Java Runtime Environment:
#
#  SIGSEGV (0xb) at pc=0x00007f45645c5339, pid=24917, tid=139935723779840
#
# JRE version: OpenJDK Runtime Environment (7.0_79-b14) (build 1.7.0_79-b14)
# Java VM: OpenJDK 64-Bit Server VM (24.79-b02 mixed mode linux-amd64 compressed oops)
# Derivative: IcedTea 2.5.5
# Distribution: Ubuntu 12.04 LTS, package 7u79-2.5.5-0ubuntu0.12.04.1
# Problematic frame:
# V  [libjvm.so+0x633339]  jvmti_GetMethodDeclaringClass+0x159
#
# Failed to write core dump. Core dumps have been disabled. To enable core dumping, try "ulimit -c unlimited" before starting Java again
#
# If you would like to submit a bug report, please include
# instructions on how to reproduce the bug and visit:
#   http://icedtea.classpath.org/bugzilla
#

---------------  T H R E A D  ---------------

Current thread (0x00007f455c262000):  JavaThread "*** Profiler Agent Communication Thread" daemon [_thread_in_vm, id=24934, stack(0x00007f45530b7000,0x00007f45531b8000)]

siginfo:si_signo=SIGSEGV: si_errno=0, si_code=1 (SEGV_MAPERR), si_addr=0x0000000000000010

Registers:
RAX=0x0000000000000000, RBX=0x00007f455c262000, RCX=0x0000000000000003, RDX=0x00007f4564d312c0
RSP=0x00007f45531b65f0, RBP=0x00007f45531b6650, RSI=0x00007f455c262000, RDI=0x0000000000000010
R8 =0x0000000000000000, R9 =0x0000000000000002, R10=0x00007f4559012d6c, R11=0x00007f456552bcb0
R12=0x00007f455c003c00, R13=0x00007f4500000020, R14=0x00007f45531b66a0, R15=0x0000000000000074
RIP=0x00007f45645c5339, EFLAGS=0x0000000000010246, CSGSFS=0x2675000000000033, ERR=0x0000000000000004
  TRAPNO=0x000000000000000e

Top of Stack: (sp=0x00007f45531b65f0)
0x00007f45531b65f0:   00007f455c262000 0000000000000000
0x00007f45531b6600:   00007f4500000000 0000000000000000
0x00007f45531b6610:   00007f455c262000 0000000000000002
0x00007f45531b6620:   0000000000000000 00007f4500000000
0x00007f45531b6630:   00007f4564d2e0c0 00007f45531b6768
0x00007f45531b6640:   0000000000000002 0000000000000000
0x00007f45531b6650:   00007f4564d2cfe0 00007f4563038c13
0x00007f45531b6660:   00007f450c197530 00007f45531b6760
0x00007f45531b6670:   00007f455c2621d8 00007f45531b6690
0x00007f45531b6680:   00007f45531b66f0 000000000000000a
0x00007f45531b6690:   00000000ffffffcc 0000000000000d48
0x00007f45531b66a0:   00007f45531b66a0 00000006fd453de0
0x00007f45531b66b0:   00007f45531b6740 0000000000000000
0x00007f45531b66c0:   00000006fd453de0 00007f45531b6770
0x00007f45531b66d0:   00007f455c262000 00007f4559012d98
0x00007f45531b66e0:   00007f45531b6740 00007f45590061d4
0x00007f45531b66f0:   000000000000000a 00000007083cd490
0x00007f45531b6700:   00007f45531b6700 0000000000000000
0x00007f45531b6710:   00007f45531b6770 00000006fd4543d0
0x00007f45531b6720:   0000000000000000 00000006fd453de0
0x00007f45531b6730:   0000000000000000 00007f45531b6760
0x00007f45531b6740:   00007f45531b67b8 00007f4559006233
0x00007f45531b6750:   00000007085e5b70 00007f455900ecdb
0x00007f45531b6760:   00000007b0e41a48 00000007b0e41a30
0x00007f45531b6770:   0000000000000002 00007f45531b6778
0x00007f45531b6780:   00000006fd2f9e9a 00007f45531b67e8
0x00007f45531b6790:   00000006fd2ff1d0 0000000000000000
0x00007f45531b67a0:   00000006fd2f9ef8 00007f45531b6760
0x00007f45531b67b0:   00007f45531b67e8 00007f45531b6838
0x00007f45531b67c0:   00007f4559006233 0000000000000000
0x00007f45531b67d0:   0000000000000000 0000000000000006
0x00007f45531b67e0:   0000000000000002 00000007b0e41a30 

Instructions: (pc=0x00007f45645c5339)
0x00007f45645c5319:   5c 75 00 80 38 00 74 4b 48 8b 15 c8 77 75 00 41
0x00007f45645c5329:   8b 45 08 8b 4a 08 48 d3 e0 48 03 02 48 8d 78 10
0x00007f45645c5339:   48 8b 40 10 ff 90 28 01 00 00 84 c0 74 c1 4d 85
0x00007f45645c5349:   f6 41 bf 64 00 00 00 0f 84 3d ff ff ff 4c 89 f2 

Register to memory mapping:

RAX=0x0000000000000000 is an unknown value
RBX=0x00007f455c262000 is a thread
RCX=0x0000000000000003 is an unknown value
RDX=0x00007f4564d312c0: <offset 0xd9f2c0> in /usr/lib/jvm/java-7-openjdk-amd64/jre/lib/amd64/server/libjvm.so at 0x00007f4563f92000
RSP=0x00007f45531b65f0 is pointing into the stack for thread: 0x00007f455c262000
RBP=0x00007f45531b6650 is pointing into the stack for thread: 0x00007f455c262000
RSI=0x00007f455c262000 is a thread
RDI=0x0000000000000010 is an unknown value
R8 =0x0000000000000000 is an unknown value
R9 =0x0000000000000002 is an unknown value
R10=0x00007f4559012d6c is at code_begin+620 in an Interpreter codelet
method entry point (kind = native)  [0x00007f4559012b00, 0x00007f4559013360]  2144 bytes
R11=0x00007f456552bcb0: <offset 0x182cb0> in /lib/x86_64-linux-gnu/libc.so.6 at 0x00007f45653a9000
R12=0x00007f455c003c00 is an unknown value
R13=0x00007f4500000020 is an unknown value
R14=0x00007f45531b66a0 is pointing into the stack for thread: 0x00007f455c262000
R15=0x0000000000000074 is an unknown value


Stack: [0x00007f45530b7000,0x00007f45531b8000],  sp=0x00007f45531b65f0,  free space=1021k
Native frames: (J=compiled Java code, j=interpreted, Vv=VM code, C=native code)
V  [libjvm.so+0x633339]  jvmti_GetMethodDeclaringClass+0x159

Java frames: (J=compiled Java code, j=interpreted, Vv=VM code)
j  org.netbeans.lib.profiler.server.system.Stacks.getMethodNamesForJMethodIds(I[I[I)[B+0
j  org.netbeans.lib.profiler.server.ProfilerInterface.getMethodNamesForJMethodIds([I)Lorg/netbeans/lib/profiler/wireprotocol/MethodNamesResponse;+18
j  org.netbeans.lib.profiler.server.ProfilerServer.handleClientCommand(Lorg/netbeans/lib/profiler/wireprotocol/Command;)V+675
j  org.netbeans.lib.profiler.server.ProfilerServer.listenToClient()V+48
j  org.netbeans.lib.profiler.server.ProfilerServer.run()V+22
v  ~StubRoutines::call_stub

---------------  P R O C E S S  ---------------

Java Threads: ( => current thread )
  0x00007f455c4f6800 JavaThread "Thread-43" [_thread_blocked, id=24988, stack(0x00007f454a8e9000,0x00007f454a9ea000)]
  0x00007f455c4f4800 JavaThread "Thread-42" [_thread_blocked, id=24987, stack(0x00007f454a9ea000,0x00007f454aaeb000)]
  0x00007f455c4f1800 JavaThread "Thread-40" [_thread_blocked, id=24985, stack(0x00007f454abec000,0x00007f454aced000)]
  0x00007f455c4e9000 JavaThread "Thread-36" [_thread_blocked, id=24977, stack(0x00007f454aff0000,0x00007f454b0f1000)]
  0x00007f455c4e0800 JavaThread "Thread-32" [_thread_blocked, id=24973, stack(0x00007f454b3f4000,0x00007f454b4f5000)]
  0x00007f455c4d8800 JavaThread "Thread-28" [_thread_blocked, id=24969, stack(0x00007f454b7f8000,0x00007f454b8f9000)]
  0x00007f455c4d4800 JavaThread "Thread-26" [_thread_blocked, id=24967, stack(0x00007f454b9fa000,0x00007f454bafb000)]
  0x00007f455c4ce000 JavaThread "Thread-23" [_thread_blocked, id=24964, stack(0x00007f454bcfd000,0x00007f454bdfe000)]
  0x00007f455c4cc000 JavaThread "Thread-22" [_thread_blocked, id=24963, stack(0x00007f454bdfe000,0x00007f454beff000)]
  0x00007f455c4c1800 JavaThread "Thread-17" [_thread_blocked, id=24958, stack(0x00007f4550335000,0x00007f4550436000)]
  0x00007f455c4bd800 JavaThread "Thread-15" [_thread_blocked, id=24956, stack(0x00007f4550537000,0x00007f4550638000)]
  0x00007f455c4bb800 JavaThread "Thread-14" [_thread_blocked, id=24955, stack(0x00007f4550638000,0x00007f4550739000)]
  0x00007f455c4b7800 JavaThread "Thread-12" [_thread_blocked, id=24953, stack(0x00007f455083a000,0x00007f455093b000)]
  0x00007f455c4b3800 JavaThread "Thread-10" [_thread_blocked, id=24951, stack(0x00007f4550a3c000,0x00007f4550b3d000)]
  0x00007f455c4b2000 JavaThread "Thread-9" [_thread_blocked, id=24950, stack(0x00007f4550b3d000,0x00007f4550c3e000)]
  0x00007f455c4b1000 JavaThread "Thread-8" [_thread_blocked, id=24949, stack(0x00007f4550c3e000,0x00007f4550d3f000)]
  0x00007f455c4a2000 JavaThread "Thread-6" [_thread_blocked, id=24947, stack(0x00007f4550e40000,0x00007f4550f41000)]
  0x00007f455c406800 JavaThread "Service Thread" daemon [_thread_blocked, id=24945, stack(0x00007f4551042000,0x00007f4551143000)]
  0x00007f455c404000 JavaThread "C2 CompilerThread1" daemon [_thread_blocked, id=24944, stack(0x00007f4551143000,0x00007f4551244000)]
  0x00007f455c403000 JavaThread "C2 CompilerThread0" daemon [_thread_blocked, id=24943, stack(0x00007f455146a000,0x00007f455156b000)]
  0x00007f44fc003000 JavaThread "*** Profiler Agent Special Execution Thread 10" daemon [_thread_blocked, id=24942, stack(0x00007f4551244000,0x00007f4551345000)]
  0x00007f450c18c800 JavaThread "process reaper" daemon [_thread_blocked, id=24940, stack(0x00007f4558019000,0x00007f4558052000)]
  0x00007f455c26b800 JavaThread "*** Profiler Agent Special Execution Thread 6" daemon [_thread_blocked, id=24937, stack(0x00007f4551774000,0x00007f4551875000)]
  0x00007f455c269000 JavaThread "*** JFluid Monitor thread ***" daemon [_thread_blocked, id=24936, stack(0x00007f4551875000,0x00007f4551976000)]
=>0x00007f455c262000 JavaThread "*** Profiler Agent Communication Thread" daemon [_thread_in_vm, id=24934, stack(0x00007f45530b7000,0x00007f45531b8000)]
  0x00007f455c191800 JavaThread "Signal Dispatcher" daemon [_thread_blocked, id=24933, stack(0x00007f45531b8000,0x00007f45532b9000)]
  0x00007f455c09d000 JavaThread "Finalizer" daemon [_thread_blocked, id=24932, stack(0x00007f45536f7000,0x00007f45537f8000)]
  0x00007f455c099800 JavaThread "Reference Handler" daemon [_thread_blocked, id=24931, stack(0x00007f45537f8000,0x00007f45538f9000)]
  0x00007f455c00a800 JavaThread "main" [_thread_blocked, id=24921, stack(0x00007f4565a63000,0x00007f4565b64000)]

Other Threads:
  0x00007f455c080000 VMThread [stack: 0x00007f45538f9000,0x00007f45539fa000] [id=24930]
  0x00007f455c409800 WatcherThread [stack: 0x00007f4550f41000,0x00007f4551042000] [id=24946]

VM state:synchronizing (normal execution)

VM Mutex/Monitor currently owned by a thread:  ([mutex/lock_event])
[0x00007f455c007560] Threads_lock - owner thread: 0x00007f455c080000

Heap
 PSYoungGen      total 856064K, used 260746K [0x00000007ad200000, 0x0000000800000000, 0x0000000800000000)
  eden space 762880K, 25% used [0x00000007ad200000,0x00000007b929f770,0x00000007dbb00000)
  from space 93184K, 68% used [0x00000007dbb00000,0x00000007df9030e0,0x00000007e1600000)
  to   space 104960K, 0% used [0x00000007f9980000,0x00000007f9980000,0x0000000800000000)
 ParOldGen       total 312320K, used 174952K [0x0000000707600000, 0x000000071a700000, 0x00000007ad200000)
  object space 312320K, 56% used [0x0000000707600000,0x00000007120da0d8,0x000000071a700000)
 PSPermGen       total 21504K, used 7757K [0x00000006fd000000, 0x00000006fe500000, 0x0000000707600000)
  object space 21504K, 36% used [0x00000006fd000000,0x00000006fd793598,0x00000006fe500000)

Card table byte_map: [0x00007f4561fde000,0x00007f45627f7000] byte_map_base: 0x00007f455e7f6000

Polling page: 0x00007f4565b94000

Code Cache  [0x00007f4559000000, 0x00007f4559270000, 0x00007f455c000000)
 total_blobs=516 nmethods=237 adapters=232 free_code_cache=48283Kb largest_free_block=49417472

Compilation events (10 events):
Event: 2.703 Thread 0x00007f455c403000 nmethod 238 0x00007f45590d17d0 code [0x00007f45590d1900, 0x00007f45590d1958]
Event: 2.703 Thread 0x00007f455c403000  239             java.nio.HeapByteBuffer::compact (52 bytes)
Event: 2.705 Thread 0x00007f455c403000 nmethod 239 0x00007f45590cc8d0 code [0x00007f45590cca20, 0x00007f45590ccbb8]
Event: 2.705 Thread 0x00007f455c403000  240             java.util.zip.CRC32::update (51 bytes)
Event: 2.705 Thread 0x00007f455c403000 nmethod 240 0x00007f45590cc590 code [0x00007f45590cc6e0, 0x00007f45590cc7c8]
Event: 2.705 Thread 0x00007f455c403000  242             java.util.zip.GZIPInputStream::read (65 bytes)
Event: 2.707 Thread 0x00007f455c403000 nmethod 242 0x00007f45590d36d0 code [0x00007f45590d3840, 0x00007f45590d3a10]
Event: 2.707 Thread 0x00007f455c403000  243             java.util.zip.GZIPInputStream::ensureOpen (18 bytes)
Event: 2.707 Thread 0x00007f455c403000 nmethod 243 0x00007f45590d3490 code [0x00007f45590d35c0, 0x00007f45590d3638]
Event: 2.707 Thread 0x00007f455c404000 nmethod 237 0x00007f45590cc390 code [0x00007f45590cc4c0, 0x00007f45590cc518]

GC Heap History (10 events):
Event: 2.109 GC heap before
{Heap before GC invocations=8 (full 0):
 PSYoungGen      total 282624K, used 275948K [0x00000007ad200000, 0x00000007d0000000, 0x0000000800000000)
  eden space 252416K, 100% used [0x00000007ad200000,0x00000007bc880000,0x00000007bc880000)
  from space 30208K, 77% used [0x00000007bc880000,0x00000007bdf7b190,0x00000007be600000)
  to   space 33280K, 0% used [0x00000007cdf80000,0x00000007cdf80000,0x00000007d0000000)
 ParOldGen       total 169472K, used 20972K [0x0000000707600000, 0x0000000711b80000, 0x00000007ad200000)
  object space 169472K, 12% used [0x0000000707600000,0x0000000708a7b050,0x0000000711b80000)
 PSPermGen       total 21504K, used 7757K [0x00000006fd000000, 0x00000006fe500000, 0x0000000707600000)
  object space 21504K, 36% used [0x00000006fd000000,0x00000006fd793658,0x00000006fe500000)
Event: 2.144 GC heap after
Heap after GC invocations=8 (full 0):
 PSYoungGen      total 524288K, used 33271K [0x00000007ad200000, 0x00000007d1b00000, 0x0000000800000000)
  eden space 491008K, 0% used [0x00000007ad200000,0x00000007ad200000,0x00000007cb180000)
  from space 33280K, 99% used [0x00000007cdf80000,0x00000007cfffdd80,0x00000007d0000000)
  to   space 47104K, 0% used [0x00000007cb180000,0x00000007cb180000,0x00000007cdf80000)
 ParOldGen       total 169472K, used 38904K [0x0000000707600000, 0x0000000711b80000, 0x00000007ad200000)
  object space 169472K, 22% used [0x0000000707600000,0x0000000709bfe3f8,0x0000000711b80000)
 PSPermGen       total 21504K, used 7757K [0x00000006fd000000, 0x00000006fe500000, 0x0000000707600000)
  object space 21504K, 36% used [0x00000006fd000000,0x00000006fd793658,0x00000006fe500000)
}
Event: 2.387 GC heap before
{Heap before GC invocations=9 (full 0):
 PSYoungGen      total 524288K, used 524279K [0x00000007ad200000, 0x00000007d1b00000, 0x0000000800000000)
  eden space 491008K, 100% used [0x00000007ad200000,0x00000007cb180000,0x00000007cb180000)
  from space 33280K, 99% used [0x00000007cdf80000,0x00000007cfffdd80,0x00000007d0000000)
  to   space 47104K, 0% used [0x00000007cb180000,0x00000007cb180000,0x00000007cdf80000)
 ParOldGen       total 169472K, used 38904K [0x0000000707600000, 0x0000000711b80000, 0x00000007ad200000)
  object space 169472K, 22% used [0x0000000707600000,0x0000000709bfe3f8,0x0000000711b80000)
 PSPermGen       total 21504K, used 7758K [0x00000006fd000000, 0x00000006fe500000, 0x0000000707600000)
  object space 21504K, 36% used [0x00000006fd000000,0x00000006fd793828,0x00000006fe500000)
Event: 2.444 GC heap after
Heap after GC invocations=9 (full 0):
 PSYoungGen      total 538112K, used 47104K [0x00000007ad200000, 0x00000007e5a80000, 0x0000000800000000)
  eden space 491008K, 0% used [0x00000007ad200000,0x00000007ad200000,0x00000007cb180000)
  from space 47104K, 100% used [0x00000007cb180000,0x00000007cdf80000,0x00000007cdf80000)
  to   space 70144K, 0% used [0x00000007e1600000,0x00000007e1600000,0x00000007e5a80000)
 ParOldGen       total 169472K, used 76166K [0x0000000707600000, 0x0000000711b80000, 0x00000007ad200000)
  object space 169472K, 44% used [0x0000000707600000,0x000000070c0619d8,0x0000000711b80000)
 PSPermGen       total 21504K, used 7758K [0x00000006fd000000, 0x00000006fe500000, 0x0000000707600000)
  object space 21504K, 36% used [0x00000006fd000000,0x00000006fd793828,0x00000006fe500000)
}
Event: 2.590 GC heap before
{Heap before GC invocations=10 (full 0):
 PSYoungGen      total 538112K, used 538112K [0x00000007ad200000, 0x00000007e5a80000, 0x0000000800000000)
  eden space 491008K, 100% used [0x00000007ad200000,0x00000007cb180000,0x00000007cb180000)
  from space 47104K, 100% used [0x00000007cb180000,0x00000007cdf80000,0x00000007cdf80000)
  to   space 70144K, 0% used [0x00000007e1600000,0x00000007e1600000,0x00000007e5a80000)
 ParOldGen       total 169472K, used 76166K [0x0000000707600000, 0x0000000711b80000, 0x00000007ad200000)
  object space 169472K, 44% used [0x0000000707600000,0x000000070c0619d8,0x0000000711b80000)
 PSPermGen       total 21504K, used 7758K [0x00000006fd000000, 0x00000006fe500000, 0x0000000707600000)
  object space 21504K, 36% used [0x00000006fd000000,0x00000006fd793828,0x00000006fe500000)
Event: 2.657 GC heap after
Heap after GC invocations=10 (full 0):
 PSYoungGen      total 833024K, used 70119K [0x00000007ad200000, 0x00000007e8780000, 0x0000000800000000)
  eden space 762880K, 0% used [0x00000007ad200000,0x00000007ad200000,0x00000007dbb00000)
  from space 70144K, 99% used [0x00000007e1600000,0x00000007e5a79c20,0x00000007e5a80000)
  to   space 93184K, 0% used [0x00000007dbb00000,0x00000007dbb00000,0x00000007e1600000)
 ParOldGen       total 169472K, used 105172K [0x0000000707600000, 0x0000000711b80000, 0x00000007ad200000)
  object space 169472K, 62% used [0x0000000707600000,0x000000070dcb5038,0x0000000711b80000)
 PSPermGen       total 21504K, used 7758K [0x00000006fd000000, 0x00000006fe500000, 0x0000000707600000)
  object space 21504K, 36% used [0x00000006fd000000,0x00000006fd793828,0x00000006fe500000)
}
Event: 2.920 GC heap before
{Heap before GC invocations=11 (full 0):
 PSYoungGen      total 833024K, used 832999K [0x00000007ad200000, 0x00000007e8780000, 0x0000000800000000)
  eden space 762880K, 100% used [0x00000007ad200000,0x00000007dbb00000,0x00000007dbb00000)
  from space 70144K, 99% used [0x00000007e1600000,0x00000007e5a79c20,0x00000007e5a80000)
  to   space 93184K, 0% used [0x00000007dbb00000,0x00000007dbb00000,0x00000007e1600000)
 ParOldGen       total 169472K, used 105172K [0x0000000707600000, 0x0000000711b80000, 0x00000007ad200000)
  object space 169472K, 62% used [0x0000000707600000,0x000000070dcb5038,0x0000000711b80000)
 PSPermGen       total 21504K, used 7758K [0x00000006fd000000, 0x00000006fe500000, 0x0000000707600000)
  object space 21504K, 36% used [0x00000006fd000000,0x00000006fd793828,0x00000006fe500000)
Event: 3.007 GC heap after
Heap after GC invocations=11 (full 0):
 PSYoungGen      total 856064K, used 81608K [0x00000007ad200000, 0x0000000800000000, 0x0000000800000000)
  eden space 762880K, 0% used [0x00000007ad200000,0x00000007ad200000,0x00000007dbb00000)
  from space 93184K, 87% used [0x00000007dbb00000,0x00000007e0ab2218,0x00000007e1600000)
  to   space 104960K, 0% used [0x00000007f9980000,0x00000007f9980000,0x0000000800000000)
 ParOldGen       total 175104K, used 174619K [0x0000000707600000, 0x0000000712100000, 0x00000007ad200000)
  object space 175104K, 99% used [0x0000000707600000,0x0000000712086d78,0x0000000712100000)
 PSPermGen       total 21504K, used 7758K [0x00000006fd000000, 0x00000006fe500000, 0x0000000707600000)
  object space 21504K, 36% used [0x00000006fd000000,0x00000006fd793828,0x00000006fe500000)
}
Event: 3.007 GC heap before
{Heap before GC invocations=12 (full 1):
 PSYoungGen      total 856064K, used 81608K [0x00000007ad200000, 0x0000000800000000, 0x0000000800000000)
  eden space 762880K, 0% used [0x00000007ad200000,0x00000007ad200000,0x00000007dbb00000)
  from space 93184K, 87% used [0x00000007dbb00000,0x00000007e0ab2218,0x00000007e1600000)
  to   space 104960K, 0% used [0x00000007f9980000,0x00000007f9980000,0x0000000800000000)
 ParOldGen       total 175104K, used 174619K [0x0000000707600000, 0x0000000712100000, 0x00000007ad200000)
  object space 175104K, 99% used [0x0000000707600000,0x0000000712086d78,0x0000000712100000)
 PSPermGen       total 21504K, used 7758K [0x00000006fd000000, 0x00000006fe500000, 0x0000000707600000)
  object space 21504K, 36% used [0x00000006fd000000,0x00000006fd793828,0x00000006fe500000)
Event: 3.340 GC heap after
Heap after GC invocations=12 (full 1):
 PSYoungGen      total 856064K, used 63500K [0x00000007ad200000, 0x0000000800000000, 0x0000000800000000)
  eden space 762880K, 0% used [0x00000007ad200000,0x00000007ad200000,0x00000007dbb00000)
  from space 93184K, 68% used [0x00000007dbb00000,0x00000007df9030e0,0x00000007e1600000)
  to   space 104960K, 0% used [0x00000007f9980000,0x00000007f9980000,0x0000000800000000)
 ParOldGen       total 312320K, used 174952K [0x0000000707600000, 0x000000071a700000, 0x00000007ad200000)
  object space 312320K, 56% used [0x0000000707600000,0x00000007120da0d8,0x000000071a700000)
 PSPermGen       total 21504K, used 7756K [0x00000006fd000000, 0x00000006fe500000, 0x0000000707600000)
  object space 21504K, 36% used [0x00000006fd000000,0x00000006fd793020,0x00000006fe500000)
}

Deoptimization events (7 events):
Event: 0.994 Thread 0x00007f455c00a800 Uncommon trap: reason=unreached action=reinterpret pc=0x00007f455908123c method=java.util.HashMap.put(Ljava/lang/Object;Ljava/lang/Object;)Ljava/lang/Object; @ 19
Event: 0.995 Thread 0x00007f455c00a800 Uncommon trap: reason=unreached action=reinterpret pc=0x00007f45590740d4 method=java.util.HashMap.get(Ljava/lang/Object;)Ljava/lang/Object; @ 1
Event: 1.046 Thread 0x00007f455c00a800 Uncommon trap: reason=array_check action=maybe_recompile pc=0x00007f4559091804 method=java.util.AbstractCollection.toArray([Ljava/lang/Object;)[Ljava/lang/Object; @ 119
Event: 1.046 Thread 0x00007f455c00a800 Uncommon trap: reason=array_check action=maybe_recompile pc=0x00007f4559091804 method=java.util.AbstractCollection.toArray([Ljava/lang/Object;)[Ljava/lang/Object; @ 119
Event: 1.046 Thread 0x00007f455c00a800 Uncommon trap: reason=array_check action=maybe_recompile pc=0x00007f4559091804 method=java.util.AbstractCollection.toArray([Ljava/lang/Object;)[Ljava/lang/Object; @ 119
Event: 1.046 Thread 0x00007f455c00a800 Uncommon trap: reason=array_check action=maybe_recompile pc=0x00007f4559091804 method=java.util.AbstractCollection.toArray([Ljava/lang/Object;)[Ljava/lang/Object; @ 119
Event: 1.555 Thread 0x00007f455c4c8000 Uncommon trap: reason=unreached action=reinterpret pc=0x00007f45590ad144 method=java.util.TreeMap.put(Ljava/lang/Object;Ljava/lang/Object;)Ljava/lang/Object; @ 55

Internal exceptions (10 events):
Event: 1.449 Thread 0x00007f455c4b1000 Threw 0x00000007af1cfdf8 at /build/buildd/openjdk-7-7u79-2.5.5/build/openjdk/hotspot/src/share/vm/prims/jvm.cpp:1284
Event: 1.484 Thread 0x00007f455c4f3000 Threw 0x00000007afc59188 at /build/buildd/openjdk-7-7u79-2.5.5/build/openjdk/hotspot/src/share/vm/prims/jvm.cpp:1284
Event: 1.490 Thread 0x00007f455c4f3000 Threw 0x00000007afc5db90 at /build/buildd/openjdk-7-7u79-2.5.5/build/openjdk/hotspot/src/share/vm/prims/jvm.cpp:1284
Event: 1.494 Thread 0x00007f455c4f3000 Threw 0x00000007afc61708 at /build/buildd/openjdk-7-7u79-2.5.5/build/openjdk/hotspot/src/share/vm/prims/jvm.cpp:1284
Event: 1.494 Thread 0x00007f455c4f3000 Threw 0x00000007afc65710 at /build/buildd/openjdk-7-7u79-2.5.5/build/openjdk/hotspot/src/share/vm/prims/jvm.cpp:1284
Event: 1.494 Thread 0x00007f455c4f3000 Threw 0x00000007afc69e30 at /build/buildd/openjdk-7-7u79-2.5.5/build/openjdk/hotspot/src/share/vm/prims/jvm.cpp:1284
Event: 1.495 Thread 0x00007f455c4f3000 Threw 0x00000007afc6dc88 at /build/buildd/openjdk-7-7u79-2.5.5/build/openjdk/hotspot/src/share/vm/prims/jvm.cpp:1284
Event: 1.495 Thread 0x00007f455c4f3000 Threw 0x00000007afc705d0 at /build/buildd/openjdk-7-7u79-2.5.5/build/openjdk/hotspot/src/share/vm/prims/jvm.cpp:1284
Event: 1.495 Thread 0x00007f455c4f3000 Threw 0x00000007afc73e38 at /build/buildd/openjdk-7-7u79-2.5.5/build/openjdk/hotspot/src/share/vm/prims/jvm.cpp:1284
Event: 1.506 Thread 0x00007f455c4f3000 Threw 0x00000007b051fa70 at /build/buildd/openjdk-7-7u79-2.5.5/build/openjdk/hotspot/src/share/vm/prims/jvm.cpp:1284

Events (10 events):
Event: 3.391 Executing VM operation: GetAllStackTraces done
Event: 3.391 Executing VM operation: GetAllStackTraces
Event: 3.391 Executing VM operation: GetAllStackTraces done
Event: 3.391 Executing VM operation: GetAllStackTraces
Event: 3.391 Executing VM operation: GetAllStackTraces done
Event: 3.394 Executing VM operation: GetAllStackTraces
Event: 3.395 Executing VM operation: GetAllStackTraces done
Event: 3.395 Executing VM operation: GetAllStackTraces
Event: 3.395 Executing VM operation: GetAllStackTraces done
Event: 3.395 Executing VM operation: GetAllStackTraces


Dynamic libraries:
00400000-00401000 r-xp 00000000 08:05 662707                             /usr/lib/jvm/java-7-openjdk-amd64/jre/bin/java
00600000-00601000 r--p 00000000 08:05 662707                             /usr/lib/jvm/java-7-openjdk-amd64/jre/bin/java
00601000-00602000 rw-p 00001000 08:05 662707                             /usr/lib/jvm/java-7-openjdk-amd64/jre/bin/java
00f69000-00f8a000 rw-p 00000000 00:00 0                                  [heap]
6fd000000-6fe500000 rw-p 00000000 00:00 0 
6fe500000-707600000 rw-p 00000000 00:00 0 
707600000-71a700000 rw-p 00000000 00:00 0 
71a700000-7ad200000 rw-p 00000000 00:00 0 
7ad200000-800000000 rw-p 00000000 00:00 0 
7f4448000000-7f4448021000 rw-p 00000000 00:00 0 
7f4448021000-7f444c000000 ---p 00000000 00:00 0 
7f444c000000-7f444c021000 rw-p 00000000 00:00 0 
7f444c021000-7f4450000000 ---p 00000000 00:00 0 
7f4450000000-7f4450021000 rw-p 00000000 00:00 0 
7f4450021000-7f4454000000 ---p 00000000 00:00 0 
7f4454000000-7f4454021000 rw-p 00000000 00:00 0 
7f4454021000-7f4458000000 ---p 00000000 00:00 0 
7f4458000000-7f4458021000 rw-p 00000000 00:00 0 
7f4458021000-7f445c000000 ---p 00000000 00:00 0 
7f445c000000-7f445c021000 rw-p 00000000 00:00 0 
7f445c021000-7f4460000000 ---p 00000000 00:00 0 
7f4460000000-7f4460021000 rw-p 00000000 00:00 0 
7f4460021000-7f4464000000 ---p 00000000 00:00 0 
7f4464000000-7f4464021000 rw-p 00000000 00:00 0 
7f4464021000-7f4468000000 ---p 00000000 00:00 0 
7f4468000000-7f4468021000 rw-p 00000000 00:00 0 
7f4468021000-7f446c000000 ---p 00000000 00:00 0 
7f446c000000-7f446c021000 rw-p 00000000 00:00 0 
7f446c021000-7f4470000000 ---p 00000000 00:00 0 
7f4470000000-7f4470021000 rw-p 00000000 00:00 0 
7f4470021000-7f4474000000 ---p 00000000 00:00 0 
7f4474000000-7f4474021000 rw-p 00000000 00:00 0 
7f4474021000-7f4478000000 ---p 00000000 00:00 0 
7f4478000000-7f4478021000 rw-p 00000000 00:00 0 
7f4478021000-7f447c000000 ---p 00000000 00:00 0 
7f447c000000-7f447c021000 rw-p 00000000 00:00 0 
7f447c021000-7f4480000000 ---p 00000000 00:00 0 
7f4480000000-7f4480021000 rw-p 00000000 00:00 0 
7f4480021000-7f4484000000 ---p 00000000 00:00 0 
7f4484000000-7f4484021000 rw-p 00000000 00:00 0 
7f4484021000-7f4488000000 ---p 00000000 00:00 0 
7f4488000000-7f4488021000 rw-p 00000000 00:00 0 
7f4488021000-7f448c000000 ---p 00000000 00:00 0 
7f448c000000-7f448c021000 rw-p 00000000 00:00 0 
7f448c021000-7f4490000000 ---p 00000000 00:00 0 
7f4490000000-7f4490021000 rw-p 00000000 00:00 0 
7f4490021000-7f4494000000 ---p 00000000 00:00 0 
7f4494000000-7f4494021000 rw-p 00000000 00:00 0 
7f4494021000-7f4498000000 ---p 00000000 00:00 0 
7f4498000000-7f4498021000 rw-p 00000000 00:00 0 
7f4498021000-7f449c000000 ---p 00000000 00:00 0 
7f449c000000-7f449c021000 rw-p 00000000 00:00 0 
7f449c021000-7f44a0000000 ---p 00000000 00:00 0 
7f44a0000000-7f44a0021000 rw-p 00000000 00:00 0 
7f44a0021000-7f44a4000000 ---p 00000000 00:00 0 
7f44a4000000-7f44a4021000 rw-p 00000000 00:00 0 
7f44a4021000-7f44a8000000 ---p 00000000 00:00 0 
7f44a8000000-7f44a8021000 rw-p 00000000 00:00 0 
7f44a8021000-7f44ac000000 ---p 00000000 00:00 0 
7f44ac000000-7f44ac021000 rw-p 00000000 00:00 0 
7f44ac021000-7f44b0000000 ---p 00000000 00:00 0 
7f44b0000000-7f44b0021000 rw-p 00000000 00:00 0 
7f44b0021000-7f44b4000000 ---p 00000000 00:00 0 
7f44b4000000-7f44b4021000 rw-p 00000000 00:00 0 
7f44b4021000-7f44b8000000 ---p 00000000 00:00 0 
7f44b8000000-7f44b8021000 rw-p 00000000 00:00 0 
7f44b8021000-7f44bc000000 ---p 00000000 00:00 0 
7f44bc000000-7f44bc021000 rw-p 00000000 00:00 0 
7f44bc021000-7f44c0000000 ---p 00000000 00:00 0 
7f44c0000000-7f44c0021000 rw-p 00000000 00:00 0 
7f44c0021000-7f44c4000000 ---p 00000000 00:00 0 
7f44c4000000-7f44c4021000 rw-p 00000000 00:00 0 
7f44c4021000-7f44c8000000 ---p 00000000 00:00 0 
7f44c8000000-7f44c8021000 rw-p 00000000 00:00 0 
7f44c8021000-7f44cc000000 ---p 00000000 00:00 0 
7f44cc000000-7f44cc021000 rw-p 00000000 00:00 0 
7f44cc021000-7f44d0000000 ---p 00000000 00:00 0 
7f44d0000000-7f44d0021000 rw-p 00000000 00:00 0 
7f44d0021000-7f44d4000000 ---p 00000000 00:00 0 
7f44d4000000-7f44d4021000 rw-p 00000000 00:00 0 
7f44d4021000-7f44d8000000 ---p 00000000 00:00 0 
7f44d8000000-7f44d8021000 rw-p 00000000 00:00 0 
7f44d8021000-7f44dc000000 ---p 00000000 00:00 0 
7f44dc000000-7f44dc021000 rw-p 00000000 00:00 0 
7f44dc021000-7f44e0000000 ---p 00000000 00:00 0 
7f44e0000000-7f44e0021000 rw-p 00000000 00:00 0 
7f44e0021000-7f44e4000000 ---p 00000000 00:00 0 
7f44e4000000-7f44e4021000 rw-p 00000000 00:00 0 
7f44e4021000-7f44e8000000 ---p 00000000 00:00 0 
7f44e8000000-7f44e8021000 rw-p 00000000 00:00 0 
7f44e8021000-7f44ec000000 ---p 00000000 00:00 0 
7f44ec000000-7f44ec021000 rw-p 00000000 00:00 0 
7f44ec021000-7f44f0000000 ---p 00000000 00:00 0 
7f44f0000000-7f44f0249000 rw-p 00000000 00:00 0 
7f44f0249000-7f44f4000000 ---p 00000000 00:00 0 
7f44f4000000-7f44f4276000 rw-p 00000000 00:00 0 
7f44f4276000-7f44f8000000 ---p 00000000 00:00 0 
7f44f8000000-7f44f8021000 rw-p 00000000 00:00 0 
7f44f8021000-7f44fc000000 ---p 00000000 00:00 0 
7f44fc000000-7f44fc282000 rw-p 00000000 00:00 0 
7f44fc282000-7f4500000000 ---p 00000000 00:00 0 
7f4500000000-7f4500021000 rw-p 00000000 00:00 0 
7f4500021000-7f4504000000 ---p 00000000 00:00 0 
7f4504000000-7f4504021000 rw-p 00000000 00:00 0 
7f4504021000-7f4508000000 ---p 00000000 00:00 0 
7f4508000000-7f4508021000 rw-p 00000000 00:00 0 
7f4508021000-7f450c000000 ---p 00000000 00:00 0 
7f450c000000-7f450c3d6000 rw-p 00000000 00:00 0 
7f450c3d6000-7f4510000000 ---p 00000000 00:00 0 
7f4510000000-7f4510021000 rw-p 00000000 00:00 0 
7f4510021000-7f4514000000 ---p 00000000 00:00 0 
7f4514000000-7f4514021000 rw-p 00000000 00:00 0 
7f4514021000-7f4518000000 ---p 00000000 00:00 0 
7f4518000000-7f45190bb000 rw-p 00000000 00:00 0 
7f45190bb000-7f451c000000 ---p 00000000 00:00 0 
7f451fe80000-7f4528000000 rw-p 00000000 00:00 0 
7f4528000000-7f4528021000 rw-p 00000000 00:00 0 
7f4528021000-7f452c000000 ---p 00000000 00:00 0 
7f4530000000-7f4530021000 rw-p 00000000 00:00 0 
7f4530021000-7f4534000000 ---p 00000000 00:00 0 
7f4538000000-7f4538021000 rw-p 00000000 00:00 0 
7f4538021000-7f453c000000 ---p 00000000 00:00 0 
7f453c000000-7f453c021000 rw-p 00000000 00:00 0 
7f453c021000-7f4540000000 ---p 00000000 00:00 0 
7f4540000000-7f4540021000 rw-p 00000000 00:00 0 
7f4540021000-7f4544000000 ---p 00000000 00:00 0 
7f4544000000-7f4544021000 rw-p 00000000 00:00 0 
7f4544021000-7f4548000000 ---p 00000000 00:00 0 
7f454a6e7000-7f454a6ea000 ---p 00000000 00:00 0 
7f454a6ea000-7f454a7e8000 rw-p 00000000 00:00 0 
7f454a7e8000-7f454a7eb000 ---p 00000000 00:00 0 
7f454a7eb000-7f454a8e9000 rw-p 00000000 00:00 0 
7f454a8e9000-7f454a8ec000 ---p 00000000 00:00 0 
7f454a8ec000-7f454a9ea000 rw-p 00000000 00:00 0                          [stack:24988]
7f454a9ea000-7f454a9ed000 ---p 00000000 00:00 0 
7f454a9ed000-7f454aaeb000 rw-p 00000000 00:00 0                          [stack:24987]
7f454aaeb000-7f454aaee000 ---p 00000000 00:00 0 
7f454aaee000-7f454abec000 rw-p 00000000 00:00 0 
7f454abec000-7f454abef000 ---p 00000000 00:00 0 
7f454abef000-7f454aced000 rw-p 00000000 00:00 0                          [stack:24985]
7f454aced000-7f454acf0000 ---p 00000000 00:00 0 
7f454acf0000-7f454adee000 rw-p 00000000 00:00 0 
7f454adee000-7f454adf1000 ---p 00000000 00:00 0 
7f454adf1000-7f454aeef000 rw-p 00000000 00:00 0 
7f454aeef000-7f454aef2000 ---p 00000000 00:00 0 
7f454aef2000-7f454aff0000 rw-p 00000000 00:00 0 
7f454aff0000-7f454aff3000 ---p 00000000 00:00 0 
7f454aff3000-7f454b0f1000 rw-p 00000000 00:00 0                          [stack:24977]
7f454b0f1000-7f454b0f4000 ---p 00000000 00:00 0 
7f454b0f4000-7f454b1f2000 rw-p 00000000 00:00 0 
7f454b1f2000-7f454b1f5000 ---p 00000000 00:00 0 
7f454b1f5000-7f454b2f3000 rw-p 00000000 00:00 0 
7f454b2f3000-7f454b2f6000 ---p 00000000 00:00 0 
7f454b2f6000-7f454b3f4000 rw-p 00000000 00:00 0 
7f454b3f4000-7f454b3f7000 ---p 00000000 00:00 0 
7f454b3f7000-7f454b4f5000 rw-p 00000000 00:00 0                          [stack:24973]
7f454b4f5000-7f454b4f8000 ---p 00000000 00:00 0 
7f454b4f8000-7f454b5f6000 rw-p 00000000 00:00 0 
7f454b5f6000-7f454b5f9000 ---p 00000000 00:00 0 
7f454b5f9000-7f454b6f7000 rw-p 00000000 00:00 0 
7f454b6f7000-7f454b6fa000 ---p 00000000 00:00 0 
7f454b6fa000-7f454b7f8000 rw-p 00000000 00:00 0 
7f454b7f8000-7f454b7fb000 ---p 00000000 00:00 0 
7f454b7fb000-7f454b8f9000 rw-p 00000000 00:00 0                          [stack:24969]
7f454b8f9000-7f454b8fc000 ---p 00000000 00:00 0 
7f454b8fc000-7f454b9fa000 rw-p 00000000 00:00 0 
7f454b9fa000-7f454b9fd000 ---p 00000000 00:00 0 
7f454b9fd000-7f454bafb000 rw-p 00000000 00:00 0                          [stack:24967]
7f454bafb000-7f454bafe000 ---p 00000000 00:00 0 
7f454bafe000-7f454bbfc000 rw-p 00000000 00:00 0 
7f454bbfc000-7f454bbff000 ---p 00000000 00:00 0 
7f454bbff000-7f454bcfd000 rw-p 00000000 00:00 0 
7f454bcfd000-7f454bd00000 ---p 00000000 00:00 0 
7f454bd00000-7f454bdfe000 rw-p 00000000 00:00 0                          [stack:24964]
7f454bdfe000-7f454be01000 ---p 00000000 00:00 0 
7f454be01000-7f454beff000 rw-p 00000000 00:00 0                          [stack:24963]
7f454beff000-7f454bf02000 ---p 00000000 00:00 0 
7f454bf02000-7f454c000000 rw-p 00000000 00:00 0 
7f454c000000-7f454c021000 rw-p 00000000 00:00 0 
7f454c021000-7f4550000000 ---p 00000000 00:00 0 
7f4550032000-7f4550035000 ---p 00000000 00:00 0 
7f4550035000-7f4550133000 rw-p 00000000 00:00 0 
7f4550133000-7f4550136000 ---p 00000000 00:00 0 
7f4550136000-7f4550234000 rw-p 00000000 00:00 0 
7f4550234000-7f4550237000 ---p 00000000 00:00 0 
7f4550237000-7f4550335000 rw-p 00000000 00:00 0 
7f4550335000-7f4550338000 ---p 00000000 00:00 0 
7f4550338000-7f4550436000 rw-p 00000000 00:00 0                          [stack:24958]
7f4550436000-7f4550439000 ---p 00000000 00:00 0 
7f4550439000-7f4550537000 rw-p 00000000 00:00 0 
7f4550537000-7f455053a000 ---p 00000000 00:00 0 
7f455053a000-7f4550638000 rw-p 00000000 00:00 0                          [stack:24956]
7f4550638000-7f455063b000 ---p 00000000 00:00 0 
7f455063b000-7f4550739000 rw-p 00000000 00:00 0                          [stack:24955]
7f4550739000-7f455073c000 ---p 00000000 00:00 0 
7f455073c000-7f455083a000 rw-p 00000000 00:00 0 
7f455083a000-7f455083d000 ---p 00000000 00:00 0 
7f455083d000-7f455093b000 rw-p 00000000 00:00 0                          [stack:24953]
7f455093b000-7f455093e000 ---p 00000000 00:00 0 
7f455093e000-7f4550a3c000 rw-p 00000000 00:00 0 
7f4550a3c000-7f4550a3f000 ---p 00000000 00:00 0 
7f4550a3f000-7f4550b3d000 rw-p 00000000 00:00 0                          [stack:24951]
7f4550b3d000-7f4550b40000 ---p 00000000 00:00 0 
7f4550b40000-7f4550c3e000 rw-p 00000000 00:00 0                          [stack:24950]
7f4550c3e000-7f4550c41000 ---p 00000000 00:00 0 
7f4550c41000-7f4550d3f000 rw-p 00000000 00:00 0                          [stack:24949]
7f4550d3f000-7f4550d42000 ---p 00000000 00:00 0 
7f4550d42000-7f4550e40000 rw-p 00000000 00:00 0 
7f4550e40000-7f4550e43000 ---p 00000000 00:00 0 
7f4550e43000-7f4550f41000 rw-p 00000000 00:00 0                          [stack:24947]
7f4550f41000-7f4550f42000 ---p 00000000 00:00 0 
7f4550f42000-7f4551042000 rw-p 00000000 00:00 0                          [stack:24946]
7f4551042000-7f4551045000 ---p 00000000 00:00 0 
7f4551045000-7f4551143000 rw-p 00000000 00:00 0                          [stack:24945]
7f4551143000-7f4551146000 ---p 00000000 00:00 0 
7f4551146000-7f4551244000 rw-p 00000000 00:00 0                          [stack:24944]
7f4551244000-7f4551247000 ---p 00000000 00:00 0 
7f4551247000-7f4551345000 rw-p 00000000 00:00 0                          [stack:24942]
7f4551345000-7f455146a000 rw-s 00000000 08:05 262132                     /tmp/jfluidbuf4857415207169578073.tmp
7f455146a000-7f455146d000 ---p 00000000 00:00 0 
7f455146d000-7f455156b000 rw-p 00000000 00:00 0                          [stack:24943]
7f455156b000-7f4551573000 r-xp 00000000 08:05 662648                     /usr/lib/jvm/java-7-openjdk-amd64/jre/lib/amd64/libmanagement.so
7f4551573000-7f4551772000 ---p 00008000 08:05 662648                     /usr/lib/jvm/java-7-openjdk-amd64/jre/lib/amd64/libmanagement.so
7f4551772000-7f4551773000 r--p 00007000 08:05 662648                     /usr/lib/jvm/java-7-openjdk-amd64/jre/lib/amd64/libmanagement.so
7f4551773000-7f4551774000 rw-p 00008000 08:05 662648                     /usr/lib/jvm/java-7-openjdk-amd64/jre/lib/amd64/libmanagement.so
7f4551774000-7f4551777000 ---p 00000000 00:00 0 
7f4551777000-7f4551875000 rw-p 00000000 00:00 0                          [stack:24937]
7f4551875000-7f4551878000 ---p 00000000 00:00 0 
7f4551878000-7f4551976000 rw-p 00000000 00:00 0                          [stack:24936]
7f4551976000-7f4551986000 r-xp 00000000 08:05 662647                     /usr/lib/jvm/java-7-openjdk-amd64/jre/lib/amd64/libnio.so
7f4551986000-7f4551b86000 ---p 00010000 08:05 662647                     /usr/lib/jvm/java-7-openjdk-amd64/jre/lib/amd64/libnio.so
7f4551b86000-7f4551b87000 r--p 00010000 08:05 662647                     /usr/lib/jvm/java-7-openjdk-amd64/jre/lib/amd64/libnio.so
7f4551b87000-7f4551b88000 rw-p 00011000 08:05 662647                     /usr/lib/jvm/java-7-openjdk-amd64/jre/lib/amd64/libnio.so
7f4551b88000-7f4551bc4000 r-xp 00000000 08:05 652975                     /lib/x86_64-linux-gnu/libpcre.so.3.12.1
7f4551bc4000-7f4551dc3000 ---p 0003c000 08:05 652975                     /lib/x86_64-linux-gnu/libpcre.so.3.12.1
7f4551dc3000-7f4551dc4000 r--p 0003b000 08:05 652975                     /lib/x86_64-linux-gnu/libpcre.so.3.12.1
7f4551dc4000-7f4551dc5000 rw-p 0003c000 08:05 652975                     /lib/x86_64-linux-gnu/libpcre.so.3.12.1
7f4551dc5000-7f4551dcc000 r-xp 00000000 08:05 1576                       /usr/lib/x86_64-linux-gnu/libffi.so.6.0.0
7f4551dcc000-7f4551fcb000 ---p 00007000 08:05 1576                       /usr/lib/x86_64-linux-gnu/libffi.so.6.0.0
7f4551fcb000-7f4551fcc000 r--p 00006000 08:05 1576                       /usr/lib/x86_64-linux-gnu/libffi.so.6.0.0
7f4551fcc000-7f4551fcd000 rw-p 00007000 08:05 1576                       /usr/lib/x86_64-linux-gnu/libffi.so.6.0.0
7f4551fcd000-7f4551fe5000 r-xp 00000000 08:05 653010                     /lib/x86_64-linux-gnu/libresolv-2.15.so
7f4551fe5000-7f45521e5000 ---p 00018000 08:05 653010                     /lib/x86_64-linux-gnu/libresolv-2.15.so
7f45521e5000-7f45521e6000 r--p 00018000 08:05 653010                     /lib/x86_64-linux-gnu/libresolv-2.15.so
7f45521e6000-7f45521e7000 rw-p 00019000 08:05 653010                     /lib/x86_64-linux-gnu/libresolv-2.15.so
7f45521e7000-7f45521e9000 rw-p 00000000 00:00 0 
7f45521e9000-7f4552206000 r-xp 00000000 08:05 652981                     /lib/x86_64-linux-gnu/libselinux.so.1
7f4552206000-7f4552405000 ---p 0001d000 08:05 652981                     /lib/x86_64-linux-gnu/libselinux.so.1
7f4552405000-7f4552406000 r--p 0001c000 08:05 652981                     /lib/x86_64-linux-gnu/libselinux.so.1
7f4552406000-7f4552407000 rw-p 0001d000 08:05 652981                     /lib/x86_64-linux-gnu/libselinux.so.1
7f4552407000-7f4552408000 rw-p 00000000 00:00 0 
7f4552408000-7f455240b000 r-xp 00000000 08:05 42                         /usr/lib/x86_64-linux-gnu/libgmodule-2.0.so.0.3200.4
7f455240b000-7f455260a000 ---p 00003000 08:05 42                         /usr/lib/x86_64-linux-gnu/libgmodule-2.0.so.0.3200.4
7f455260a000-7f455260b000 r--p 00002000 08:05 42                         /usr/lib/x86_64-linux-gnu/libgmodule-2.0.so.0.3200.4
7f455260b000-7f455260c000 rw-p 00003000 08:05 42                         /usr/lib/x86_64-linux-gnu/libgmodule-2.0.so.0.3200.4
7f455260c000-7f45526fe000 r-xp 00000000 08:05 652903                     /lib/x86_64-linux-gnu/libglib-2.0.so.0.3200.4
7f45526fe000-7f45528fe000 ---p 000f2000 08:05 652903                     /lib/x86_64-linux-gnu/libglib-2.0.so.0.3200.4
7f45528fe000-7f45528ff000 r--p 000f2000 08:05 652903                     /lib/x86_64-linux-gnu/libglib-2.0.so.0.3200.4
7f45528ff000-7f4552900000 rw-p 000f3000 08:05 652903                     /lib/x86_64-linux-gnu/libglib-2.0.so.0.3200.4
7f4552900000-7f4552901000 rw-p 00000000 00:00 0 
7f4552901000-7f455294e000 r-xp 00000000 08:05 2034                       /usr/lib/x86_64-linux-gnu/libgobject-2.0.so.0.3200.4
7f455294e000-7f4552b4e000 ---p 0004d000 08:05 2034                       /usr/lib/x86_64-linux-gnu/libgobject-2.0.so.0.3200.4
7f4552b4e000-7f4552b4f000 r--p 0004d000 08:05 2034                       /usr/lib/x86_64-linux-gnu/libgobject-2.0.so.0.3200.4
7f4552b4f000-7f4552b50000 rw-p 0004e000 08:05 2034                       /usr/lib/x86_64-linux-gnu/libgobject-2.0.so.0.3200.4
7f4552b50000-7f4552c98000 r-xp 00000000 08:05 2027                       /usr/lib/x86_64-linux-gnu/libgio-2.0.so.0.3200.4
7f4552c98000-7f4552e97000 ---p 00148000 08:05 2027                       /usr/lib/x86_64-linux-gnu/libgio-2.0.so.0.3200.4
7f4552e97000-7f4552e9b000 r--p 00147000 08:05 2027                       /usr/lib/x86_64-linux-gnu/libgio-2.0.so.0.3200.4
7f4552e9b000-7f4552e9d000 rw-p 0014b000 08:05 2027                       /usr/lib/x86_64-linux-gnu/libgio-2.0.so.0.3200.4
7f4552e9d000-7f4552e9f000 rw-p 00000000 00:00 0 
7f4552e9f000-7f4552eb6000 r-xp 00000000 08:05 662632                     /usr/lib/jvm/java-7-openjdk-amd64/jre/lib/amd64/libnet.so
7f4552eb6000-7f45530b5000 ---p 00017000 08:05 662632                     /usr/lib/jvm/java-7-openjdk-amd64/jre/lib/amd64/libnet.so
7f45530b5000-7f45530b6000 r--p 00016000 08:05 662632                     /usr/lib/jvm/java-7-openjdk-amd64/jre/lib/amd64/libnet.so
7f45530b6000-7f45530b7000 rw-p 00017000 08:05 662632                     /usr/lib/jvm/java-7-openjdk-amd64/jre/lib/amd64/libnet.so
7f45530b7000-7f45530ba000 ---p 00000000 00:00 0 
7f45530ba000-7f45531b8000 rw-p 00000000 00:00 0                          [stack:24934]
7f45531b8000-7f45531bb000 ---p 00000000 00:00 0 
7f45531bb000-7f45532b9000 rw-p 00000000 00:00 0                          [stack:24933]
7f45532b9000-7f45536f7000 r--p 00000000 08:05 59198                      /usr/lib/locale/locale-archive
7f45536f7000-7f45536fa000 ---p 00000000 00:00 0 
7f45536fa000-7f45537f8000 rw-p 00000000 00:00 0                          [stack:24932]
7f45537f8000-7f45537fb000 ---p 00000000 00:00 0 
7f45537fb000-7f45538f9000 rw-p 00000000 00:00 0                          [stack:24931]
7f45538f9000-7f45538fa000 ---p 00000000 00:00 0 
7f45538fa000-7f4554000000 rw-p 00000000 00:00 0                          [stack:24930]
7f4554000000-7f4554021000 rw-p 00000000 00:00 0 
7f4554021000-7f4558000000 ---p 00000000 00:00 0 
7f4558019000-7f455801c000 ---p 00000000 00:00 0 
7f455801c000-7f4558083000 rw-p 00000000 00:00 0                          [stack:24940]
7f45580af000-7f4559000000 rw-p 00000000 00:00 0 
7f4559000000-7f4559270000 rwxp 00000000 00:00 0 
7f4559270000-7f455c4fd000 rw-p 00000000 00:00 0 
7f455c4fd000-7f4560000000 ---p 00000000 00:00 0 
7f456000c000-7f4560742000 rw-p 00000000 00:00 0 
7f4560742000-7f45608f3000 r--s 01d27000 08:05 662690                     /usr/lib/jvm/java-7-openjdk-amd64/jre/lib/rt.jar
7f45608f3000-7f4561255000 rw-p 00000000 00:00 0 
7f4561255000-7f4561256000 ---p 00000000 00:00 0 
7f4561256000-7f4561356000 rw-p 00000000 00:00 0                          [stack:24929]
7f4561356000-7f4561357000 ---p 00000000 00:00 0 
7f4561357000-7f4561457000 rw-p 00000000 00:00 0                          [stack:24928]
7f4561457000-7f4561458000 ---p 00000000 00:00 0 
7f4561458000-7f4561558000 rw-p 00000000 00:00 0                          [stack:24927]
7f4561558000-7f4561559000 ---p 00000000 00:00 0 
7f4561559000-7f4561659000 rw-p 00000000 00:00 0                          [stack:24926]
7f4561659000-7f456165a000 ---p 00000000 00:00 0 
7f456165a000-7f456175a000 rw-p 00000000 00:00 0                          [stack:24925]
7f456175a000-7f456175b000 ---p 00000000 00:00 0 
7f456175b000-7f456185b000 rw-p 00000000 00:00 0                          [stack:24924]
7f456185b000-7f456185c000 ---p 00000000 00:00 0 
7f456185c000-7f456195c000 rw-p 00000000 00:00 0                          [stack:24923]
7f456195c000-7f456195d000 ---p 00000000 00:00 0 
7f456195d000-7f4561a68000 rw-p 00000000 00:00 0                          [stack:24922]
7f4561a68000-7f4561ab0000 rw-p 00000000 00:00 0 
7f4561ab0000-7f4561b49000 rw-p 00000000 00:00 0 
7f4561b49000-7f4561fde000 rw-p 00000000 00:00 0 
7f4561fde000-7f4561fe9000 rw-p 00000000 00:00 0 
7f4561fe9000-7f4562031000 rw-p 00000000 00:00 0 
7f4562031000-7f45620ca000 rw-p 00000000 00:00 0 
7f45620ca000-7f456255f000 rw-p 00000000 00:00 0 
7f456255f000-7f45627f6000 rw-p 00000000 00:00 0 
7f45627f6000-7f45627f7000 rw-p 00000000 00:00 0 
7f45627f7000-7f45627ff000 r-xp 00000000 08:05 662625                     /usr/lib/jvm/java-7-openjdk-amd64/jre/lib/amd64/libzip.so
7f45627ff000-7f45629fe000 ---p 00008000 08:05 662625                     /usr/lib/jvm/java-7-openjdk-amd64/jre/lib/amd64/libzip.so
7f45629fe000-7f45629ff000 r--p 00007000 08:05 662625                     /usr/lib/jvm/java-7-openjdk-amd64/jre/lib/amd64/libzip.so
7f45629ff000-7f4562a00000 rw-p 00008000 08:05 662625                     /usr/lib/jvm/java-7-openjdk-amd64/jre/lib/amd64/libzip.so
7f4562a00000-7f4562a17000 r-xp 00000000 08:05 653014                     /lib/x86_64-linux-gnu/libnsl-2.15.so
7f4562a17000-7f4562c16000 ---p 00017000 08:05 653014                     /lib/x86_64-linux-gnu/libnsl-2.15.so
7f4562c16000-7f4562c17000 r--p 00016000 08:05 653014                     /lib/x86_64-linux-gnu/libnsl-2.15.so
7f4562c17000-7f4562c18000 rw-p 00017000 08:05 653014                     /lib/x86_64-linux-gnu/libnsl-2.15.so
7f4562c18000-7f4562c1a000 rw-p 00000000 00:00 0 
7f4562c1a000-7f4562c24000 r-xp 00000000 08:05 652938                     /lib/x86_64-linux-gnu/libnss_nis-2.15.so
7f4562c24000-7f4562e24000 ---p 0000a000 08:05 652938                     /lib/x86_64-linux-gnu/libnss_nis-2.15.so
7f4562e24000-7f4562e25000 r--p 0000a000 08:05 652938                     /lib/x86_64-linux-gnu/libnss_nis-2.15.so
7f4562e25000-7f4562e26000 rw-p 0000b000 08:05 652938                     /lib/x86_64-linux-gnu/libnss_nis-2.15.so
7f4562e26000-7f4562e32000 r-xp 00000000 08:05 653000                     /lib/x86_64-linux-gnu/libnss_files-2.15.so
7f4562e32000-7f4563031000 ---p 0000c000 08:05 653000                     /lib/x86_64-linux-gnu/libnss_files-2.15.so
7f4563031000-7f4563032000 r--p 0000b000 08:05 653000                     /lib/x86_64-linux-gnu/libnss_files-2.15.so
7f4563032000-7f4563033000 rw-p 0000c000 08:05 653000                     /lib/x86_64-linux-gnu/libnss_files-2.15.so
7f4563033000-7f456303c000 r-xp 00000000 08:07 5509229                    /local/netbeans-8.0.2/profiler/lib/deployed/jdk16/linux-amd64/libprofilerinterface.so
7f456303c000-7f456313c000 ---p 00009000 08:07 5509229                    /local/netbeans-8.0.2/profiler/lib/deployed/jdk16/linux-amd64/libprofilerinterface.so
7f456313c000-7f456313d000 rw-p 00009000 08:07 5509229                    /local/netbeans-8.0.2/profiler/lib/deployed/jdk16/linux-amd64/libprofilerinterface.so
7f456313d000-7f4563166000 r-xp 00000000 08:05 662631                     /usr/lib/jvm/java-7-openjdk-amd64/jre/lib/amd64/libjava.so
7f4563166000-7f4563365000 ---p 00029000 08:05 662631                     /usr/lib/jvm/java-7-openjdk-amd64/jre/lib/amd64/libjava.so
7f4563365000-7f4563366000 r--p 00028000 08:05 662631                     /usr/lib/jvm/java-7-openjdk-amd64/jre/lib/amd64/libjava.so
7f4563366000-7f4563368000 rw-p 00029000 08:05 662631                     /usr/lib/jvm/java-7-openjdk-amd64/jre/lib/amd64/libjava.so
7f4563368000-7f4563376000 r-xp 00000000 08:05 662646                     /usr/lib/jvm/java-7-openjdk-amd64/jre/lib/amd64/libverify.so
7f4563376000-7f4563575000 ---p 0000e000 08:05 662646                     /usr/lib/jvm/java-7-openjdk-amd64/jre/lib/amd64/libverify.so
7f4563575000-7f4563577000 r--p 0000d000 08:05 662646                     /usr/lib/jvm/java-7-openjdk-amd64/jre/lib/amd64/libverify.so
7f4563577000-7f4563578000 rw-p 0000f000 08:05 662646                     /usr/lib/jvm/java-7-openjdk-amd64/jre/lib/amd64/libverify.so
7f4563578000-7f456357f000 r-xp 00000000 08:05 653006                     /lib/x86_64-linux-gnu/librt-2.15.so
7f456357f000-7f456377e000 ---p 00007000 08:05 653006                     /lib/x86_64-linux-gnu/librt-2.15.so
7f456377e000-7f456377f000 r--p 00006000 08:05 653006                     /lib/x86_64-linux-gnu/librt-2.15.so
7f456377f000-7f4563780000 rw-p 00007000 08:05 653006                     /lib/x86_64-linux-gnu/librt-2.15.so
7f4563780000-7f4563795000 r-xp 00000000 08:05 653059                     /lib/x86_64-linux-gnu/libgcc_s.so.1
7f4563795000-7f4563994000 ---p 00015000 08:05 653059                     /lib/x86_64-linux-gnu/libgcc_s.so.1
7f4563994000-7f4563995000 r--p 00014000 08:05 653059                     /lib/x86_64-linux-gnu/libgcc_s.so.1
7f4563995000-7f4563996000 rw-p 00015000 08:05 653059                     /lib/x86_64-linux-gnu/libgcc_s.so.1
7f4563996000-7f4563a91000 r-xp 00000000 08:05 652994                     /lib/x86_64-linux-gnu/libm-2.15.so
7f4563a91000-7f4563c90000 ---p 000fb000 08:05 652994                     /lib/x86_64-linux-gnu/libm-2.15.so
7f4563c90000-7f4563c91000 r--p 000fa000 08:05 652994                     /lib/x86_64-linux-gnu/libm-2.15.so
7f4563c91000-7f4563c92000 rw-p 000fb000 08:05 652994                     /lib/x86_64-linux-gnu/libm-2.15.so
7f4563c92000-7f4563d74000 r-xp 00000000 08:05 1536                       /usr/lib/x86_64-linux-gnu/libstdc++.so.6.0.16
7f4563d74000-7f4563f73000 ---p 000e2000 08:05 1536                       /usr/lib/x86_64-linux-gnu/libstdc++.so.6.0.16
7f4563f73000-7f4563f7b000 r--p 000e1000 08:05 1536                       /usr/lib/x86_64-linux-gnu/libstdc++.so.6.0.16
7f4563f7b000-7f4563f7d000 rw-p 000e9000 08:05 1536                       /usr/lib/x86_64-linux-gnu/libstdc++.so.6.0.16
7f4563f7d000-7f4563f92000 rw-p 00000000 00:00 0 
7f4563f92000-7f4564a81000 r-xp 00000000 08:05 662652                     /usr/lib/jvm/java-7-openjdk-amd64/jre/lib/amd64/server/libjvm.so
7f4564a81000-7f4564c80000 ---p 00aef000 08:05 662652                     /usr/lib/jvm/java-7-openjdk-amd64/jre/lib/amd64/server/libjvm.so
7f4564c80000-7f4564d21000 r--p 00aee000 08:05 662652                     /usr/lib/jvm/java-7-openjdk-amd64/jre/lib/amd64/server/libjvm.so
7f4564d21000-7f4564d44000 rw-p 00b8f000 08:05 662652                     /usr/lib/jvm/java-7-openjdk-amd64/jre/lib/amd64/server/libjvm.so
7f4564d44000-7f4564d71000 rw-p 00000000 00:00 0 
7f4564d71000-7f4564d87000 r-xp 00000000 08:05 653092                     /lib/x86_64-linux-gnu/libz.so.1.2.3.4
7f4564d87000-7f4564f86000 ---p 00016000 08:05 653092                     /lib/x86_64-linux-gnu/libz.so.1.2.3.4
7f4564f86000-7f4564f87000 r--p 00015000 08:05 653092                     /lib/x86_64-linux-gnu/libz.so.1.2.3.4
7f4564f87000-7f4564f88000 rw-p 00016000 08:05 653092                     /lib/x86_64-linux-gnu/libz.so.1.2.3.4
7f4564f88000-7f4564fa0000 r-xp 00000000 08:05 652999                     /lib/x86_64-linux-gnu/libpthread-2.15.so
7f4564fa0000-7f456519f000 ---p 00018000 08:05 652999                     /lib/x86_64-linux-gnu/libpthread-2.15.so
7f456519f000-7f45651a0000 r--p 00017000 08:05 652999                     /lib/x86_64-linux-gnu/libpthread-2.15.so
7f45651a0000-7f45651a1000 rw-p 00018000 08:05 652999                     /lib/x86_64-linux-gnu/libpthread-2.15.so
7f45651a1000-7f45651a5000 rw-p 00000000 00:00 0 
7f45651a5000-7f45651a7000 r-xp 00000000 08:05 653070                     /lib/x86_64-linux-gnu/libdl-2.15.so
7f45651a7000-7f45653a7000 ---p 00002000 08:05 653070                     /lib/x86_64-linux-gnu/libdl-2.15.so
7f45653a7000-7f45653a8000 r--p 00002000 08:05 653070                     /lib/x86_64-linux-gnu/libdl-2.15.so
7f45653a8000-7f45653a9000 rw-p 00003000 08:05 653070                     /lib/x86_64-linux-gnu/libdl-2.15.so
7f45653a9000-7f456555d000 r-xp 00000000 08:05 653013                     /lib/x86_64-linux-gnu/libc-2.15.so
7f456555d000-7f456575c000 ---p 001b4000 08:05 653013                     /lib/x86_64-linux-gnu/libc-2.15.so
7f456575c000-7f4565760000 r--p 001b3000 08:05 653013                     /lib/x86_64-linux-gnu/libc-2.15.so
7f4565760000-7f4565762000 rw-p 001b7000 08:05 653013                     /lib/x86_64-linux-gnu/libc-2.15.so
7f4565762000-7f4565767000 rw-p 00000000 00:00 0 
7f4565767000-7f4565774000 r-xp 00000000 08:05 662629                     /usr/lib/jvm/java-7-openjdk-amd64/jre/lib/amd64/jli/libjli.so
7f4565774000-7f4565973000 ---p 0000d000 08:05 662629                     /usr/lib/jvm/java-7-openjdk-amd64/jre/lib/amd64/jli/libjli.so
7f4565973000-7f4565974000 r--p 0000c000 08:05 662629                     /usr/lib/jvm/java-7-openjdk-amd64/jre/lib/amd64/jli/libjli.so
7f4565974000-7f4565975000 rw-p 0000d000 08:05 662629                     /usr/lib/jvm/java-7-openjdk-amd64/jre/lib/amd64/jli/libjli.so
7f4565975000-7f4565997000 r-xp 00000000 08:05 653003                     /lib/x86_64-linux-gnu/ld-2.15.so
7f45659a3000-7f45659ad000 rw-p 00000000 00:00 0 
7f45659ad000-7f4565a63000 rw-p 00000000 00:00 0 
7f4565a63000-7f4565a66000 ---p 00000000 00:00 0 
7f4565a66000-7f4565b69000 rw-p 00000000 00:00 0                          [stack:24921]
7f4565b6d000-7f4565b6e000 rw-p 00000000 00:00 0 
7f4565b6e000-7f4565b73000 r--s 0004d000 08:05 662669                     /usr/lib/jvm/java-7-openjdk-amd64/jre/lib/jsse.jar
7f4565b73000-7f4565b74000 r--s 00002000 08:05 662689                     /usr/lib/jvm/java-7-openjdk-amd64/jre/lib/ext/dnsns.jar
7f4565b74000-7f4565b77000 r--s 0000f000 08:05 662684                     /usr/lib/jvm/java-7-openjdk-amd64/jre/lib/ext/icedtea-sound.jar
7f4565b77000-7f4565b7b000 r--s 00034000 08:05 662688                     /usr/lib/jvm/java-7-openjdk-amd64/jre/lib/ext/sunjce_provider.jar
7f4565b7b000-7f4565b7f000 r--s 0003c000 08:05 662686                     /usr/lib/jvm/java-7-openjdk-amd64/jre/lib/ext/sunpkcs11.jar
7f4565b7f000-7f4565b81000 r--s 00012000 08:05 662685                     /usr/lib/jvm/java-7-openjdk-amd64/jre/lib/ext/zipfs.jar
7f4565b81000-7f4565b82000 r--s 00007000 08:05 136680                     /usr/share/java/java-atk-wrapper.jar
7f4565b82000-7f4565b85000 r--s 00086000 08:05 662687                     /usr/lib/jvm/java-7-openjdk-amd64/jre/lib/ext/localedata.jar
7f4565b85000-7f4565b86000 r--s 00004000 08:07 5509328                    /local/netbeans-8.0.2/profiler/lib/jfluid-server-15.jar
7f4565b86000-7f4565b8a000 r--s 0005f000 08:07 5509331                    /local/netbeans-8.0.2/profiler/lib/jfluid-server.jar
7f4565b8a000-7f4565b92000 rw-s 00000000 08:05 261686                     /tmp/hsperfdata_wblacoe/24917
7f4565b92000-7f4565b94000 rw-p 00000000 00:00 0 
7f4565b94000-7f4565b95000 ---p 00000000 00:00 0 
7f4565b95000-7f4565b97000 rw-p 00000000 00:00 0 
7f4565b97000-7f4565b98000 r--p 00022000 08:05 653003                     /lib/x86_64-linux-gnu/ld-2.15.so
7f4565b98000-7f4565b9a000 rw-p 00023000 08:05 653003                     /lib/x86_64-linux-gnu/ld-2.15.so
7fff43bf3000-7fff43c14000 rw-p 00000000 00:00 0                          [stack]
7fff43ce8000-7fff43cea000 r-xp 00000000 00:00 0                          [vdso]
ffffffffff600000-ffffffffff601000 r-xp 00000000 00:00 0                  [vsyscall]

VM Arguments:
jvm_args: -Dfile.encoding=UTF-8 -agentpath:/local/netbeans-8.0.2/profiler/lib/deployed/jdk16/linux-amd64/libprofilerinterface.so=/local/netbeans-8.0.2/profiler/lib,5140,10 -XX:+HeapDumpOnOutOfMemoryError -XX:HeapDumpPath=/local/Dropbox/workspace/cdt2/nbproject/private/profiler 
java_command: experiment.dep.msrscc.Msrscc
Launcher Type: SUN_STANDARD

Environment Variables:
PATH=/coli/bin:/coli/sbin:/usr/lib/lightdm/lightdm:/usr/local/sbin:/usr/local/bin:/usr/sbin:/usr/bin:/sbin:/bin:/usr/games
LD_LIBRARY_PATH=/usr/lib/jvm/java-7-openjdk-amd64/jre/lib/amd64:/usr/lib/jvm/java-7-openjdk-amd64/jre/lib/i386:
SHELL=/bin/bash
DISPLAY=:0.0

Signal Handlers:
SIGSEGV: [libjvm.so+0x926e30], sa_mask[0]=0x7ffbfeff, sa_flags=0x10000004
SIGBUS: [libjvm.so+0x926e30], sa_mask[0]=0x7ffbfeff, sa_flags=0x10000004
SIGFPE: [libjvm.so+0x7a5d40], sa_mask[0]=0x7ffbfeff, sa_flags=0x10000004
SIGPIPE: [libjvm.so+0x7a5d40], sa_mask[0]=0x7ffbfeff, sa_flags=0x10000004
SIGXFSZ: [libjvm.so+0x7a5d40], sa_mask[0]=0x7ffbfeff, sa_flags=0x10000004
SIGILL: [libjvm.so+0x7a5d40], sa_mask[0]=0x7ffbfeff, sa_flags=0x10000004
SIGUSR1: SIG_DFL, sa_mask[0]=0x00000000, sa_flags=0x00000000
SIGUSR2: [libjvm.so+0x7a5f80], sa_mask[0]=0x00000004, sa_flags=0x10000004
SIGHUP: [libjvm.so+0x7a60f0], sa_mask[0]=0x7ffbfeff, sa_flags=0x10000004
SIGINT: SIG_IGN, sa_mask[0]=0x00000000, sa_flags=0x00000000
SIGTERM: [libjvm.so+0x7a60f0], sa_mask[0]=0x7ffbfeff, sa_flags=0x10000004
SIGQUIT: [libjvm.so+0x7a60f0], sa_mask[0]=0x7ffbfeff, sa_flags=0x10000004
SIGTRAP: SIG_DFL, sa_mask[0]=0x00000000, sa_flags=0x00000000


---------------  S Y S T E M  ---------------

OS:Ubuntu 12.04 (precise)
uname:Linux 3.13.0-53-generic #89~precise1-Ubuntu SMP Wed May 20 17:42:16 UTC 2015 x86_64
libc:glibc 2.15 NPTL 2.15 
rlimit: STACK 8192k, CORE 0k, NPROC 127043, NOFILE 4096, AS infinity
load average:1.11 0.62 0.38

/proc/meminfo:
MemTotal:       16292584 kB
MemFree:         4283464 kB
Buffers:          309432 kB
Cached:          7957064 kB
SwapCached:         3964 kB
Active:          6845568 kB
Inactive:        4486036 kB
Active(anon):    2737400 kB
Inactive(anon):   970264 kB
Active(file):    4108168 kB
Inactive(file):  3515772 kB
Unevictable:           0 kB
Mlocked:               0 kB
SwapTotal:       4095996 kB
SwapFree:        4085284 kB
Dirty:              1284 kB
Writeback:             0 kB
AnonPages:       3063008 kB
Mapped:           293800 kB
Shmem:            642156 kB
Slab:             502724 kB
SReclaimable:     453536 kB
SUnreclaim:        49188 kB
KernelStack:        5168 kB
PageTables:        34972 kB
NFS_Unstable:          0 kB
Bounce:                0 kB
WritebackTmp:          0 kB
CommitLimit:    12242288 kB
Committed_AS:    7251020 kB
VmallocTotal:   34359738367 kB
VmallocUsed:      379240 kB
VmallocChunk:   34359350940 kB
HardwareCorrupted:     0 kB
AnonHugePages:   1869824 kB
HugePages_Total:       0
HugePages_Free:        0
HugePages_Rsvd:        0
HugePages_Surp:        0
Hugepagesize:       2048 kB
DirectMap4k:      127364 kB
DirectMap2M:     7071744 kB
DirectMap1G:     9437184 kB


CPU:total 8 (4 cores per cpu, 2 threads per core) family 6 model 60 stepping 3, cmov, cx8, fxsr, mmx, sse, sse2, sse3, ssse3, sse4.1, sse4.2, popcnt, avx, avx2, aes, erms, ht, tsc, tscinvbit

/proc/cpuinfo:
processor	: 0
vendor_id	: GenuineIntel
cpu family	: 6
model		: 60
model name	: Intel(R) Core(TM) i7-4770 CPU @ 3.40GHz
stepping	: 3
microcode	: 0x16
cpu MHz		: 3401.000
cache size	: 8192 KB
physical id	: 0
siblings	: 8
core id		: 0
cpu cores	: 4
apicid		: 0
initial apicid	: 0
fpu		: yes
fpu_exception	: yes
cpuid level	: 13
wp		: yes
flags		: fpu vme de pse tsc msr pae mce cx8 apic sep mtrr pge mca cmov pat pse36 clflush dts acpi mmx fxsr sse sse2 ss ht tm pbe syscall nx pdpe1gb rdtscp lm constant_tsc arch_perfmon pebs bts rep_good nopl xtopology nonstop_tsc aperfmperf eagerfpu pni pclmulqdq dtes64 monitor ds_cpl vmx smx est tm2 ssse3 fma cx16 xtpr pdcm pcid sse4_1 sse4_2 x2apic movbe popcnt tsc_deadline_timer aes xsave avx f16c rdrand lahf_lm abm ida arat xsaveopt pln pts dtherm tpr_shadow vnmi flexpriority ept vpid fsgsbase tsc_adjust bmi1 hle avx2 smep bmi2 erms invpcid rtm
bogomips	: 6800.00
clflush size	: 64
cache_alignment	: 64
address sizes	: 39 bits physical, 48 bits virtual
power management:

processor	: 1
vendor_id	: GenuineIntel
cpu family	: 6
model		: 60
model name	: Intel(R) Core(TM) i7-4770 CPU @ 3.40GHz
stepping	: 3
microcode	: 0x16
cpu MHz		: 3400.000
cache size	: 8192 KB
physical id	: 0
siblings	: 8
core id		: 1
cpu cores	: 4
apicid		: 2
initial apicid	: 2
fpu		: yes
fpu_exception	: yes
cpuid level	: 13
wp		: yes
flags		: fpu vme de pse tsc msr pae mce cx8 apic sep mtrr pge mca cmov pat pse36 clflush dts acpi mmx fxsr sse sse2 ss ht tm pbe syscall nx pdpe1gb rdtscp lm constant_tsc arch_perfmon pebs bts rep_good nopl xtopology nonstop_tsc aperfmperf eagerfpu pni pclmulqdq dtes64 monitor ds_cpl vmx smx est tm2 ssse3 fma cx16 xtpr pdcm pcid sse4_1 sse4_2 x2apic movbe popcnt tsc_deadline_timer aes xsave avx f16c rdrand lahf_lm abm ida arat xsaveopt pln pts dtherm tpr_shadow vnmi flexpriority ept vpid fsgsbase tsc_adjust bmi1 hle avx2 smep bmi2 erms invpcid rtm
bogomips	: 6800.00
clflush size	: 64
cache_alignment	: 64
address sizes	: 39 bits physical, 48 bits virtual
power management:

processor	: 2
vendor_id	: GenuineIntel
cpu family	: 6
model		: 60
model name	: Intel(R) Core(TM) i7-4770 CPU @ 3.40GHz
stepping	: 3
microcode	: 0x16
cpu MHz		: 3200.000
cache size	: 8192 KB
physical id	: 0
siblings	: 8
core id		: 2
cpu cores	: 4
apicid		: 4
initial apicid	: 4
fpu		: yes
fpu_exception	: yes
cpuid level	: 13
wp		: yes
flags		: fpu vme de pse tsc msr pae mce cx8 apic sep mtrr pge mca cmov pat pse36 clflush dts acpi mmx fxsr sse sse2 ss ht tm pbe syscall nx pdpe1gb rdtscp lm constant_tsc arch_perfmon pebs bts rep_good nopl xtopology nonstop_tsc aperfmperf eagerfpu pni pclmulqdq dtes64 monitor ds_cpl vmx smx est tm2 ssse3 fma cx16 xtpr pdcm pcid sse4_1 sse4_2 x2apic movbe popcnt tsc_deadline_timer aes xsave avx f16c rdrand lahf_lm abm ida arat xsaveopt pln pts dtherm tpr_shadow vnmi flexpriority ept vpid fsgsbase tsc_adjust bmi1 hle avx2 smep bmi2 erms invpcid rtm
bogomips	: 6800.00
clflush size	: 64
cache_alignment	: 64
address sizes	: 39 bits physical, 48 bits virtual
power management:

processor	: 3
vendor_id	: GenuineIntel
cpu family	: 6
model		: 60
model name	: Intel(R) Core(TM) i7-4770 CPU @ 3.40GHz
stepping	: 3
microcode	: 0x16
cpu MHz		: 1700.000
cache size	: 8192 KB
physical id	: 0
siblings	: 8
core id		: 3
cpu cores	: 4
apicid		: 6
initial apicid	: 6
fpu		: yes
fpu_exception	: yes
cpuid level	: 13
wp		: yes
flags		: fpu vme de pse tsc msr pae mce cx8 apic sep mtrr pge mca cmov pat pse36 clflush dts acpi mmx fxsr sse sse2 ss ht tm pbe syscall nx pdpe1gb rdtscp lm constant_tsc arch_perfmon pebs bts rep_good nopl xtopology nonstop_tsc aperfmperf eagerfpu pni pclmulqdq dtes64 monitor ds_cpl vmx smx est tm2 ssse3 fma cx16 xtpr pdcm pcid sse4_1 sse4_2 x2apic movbe popcnt tsc_deadline_timer aes xsave avx f16c rdrand lahf_lm abm ida arat xsaveopt pln pts dtherm tpr_shadow vnmi flexpriority ept vpid fsgsbase tsc_adjust bmi1 hle avx2 smep bmi2 erms invpcid rtm
bogomips	: 6800.00
clflush size	: 64
cache_alignment	: 64
address sizes	: 39 bits physical, 48 bits virtual
power management:

processor	: 4
vendor_id	: GenuineIntel
cpu family	: 6
model		: 60
model name	: Intel(R) Core(TM) i7-4770 CPU @ 3.40GHz
stepping	: 3
microcode	: 0x16
cpu MHz		: 3000.000
cache size	: 8192 KB
physical id	: 0
siblings	: 8
core id		: 0
cpu cores	: 4
apicid		: 1
initial apicid	: 1
fpu		: yes
fpu_exception	: yes
cpuid level	: 13
wp		: yes
flags		: fpu vme de pse tsc msr pae mce cx8 apic sep mtrr pge mca cmov pat pse36 clflush dts acpi mmx fxsr sse sse2 ss ht tm pbe syscall nx pdpe1gb rdtscp lm constant_tsc arch_perfmon pebs bts rep_good nopl xtopology nonstop_tsc aperfmperf eagerfpu pni pclmulqdq dtes64 monitor ds_cpl vmx smx est tm2 ssse3 fma cx16 xtpr pdcm pcid sse4_1 sse4_2 x2apic movbe popcnt tsc_deadline_timer aes xsave avx f16c rdrand lahf_lm abm ida arat xsaveopt pln pts dtherm tpr_shadow vnmi flexpriority ept vpid fsgsbase tsc_adjust bmi1 hle avx2 smep bmi2 erms invpcid rtm
bogomips	: 6800.00
clflush size	: 64
cache_alignment	: 64
address sizes	: 39 bits physical, 48 bits virtual
power management:

processor	: 5
vendor_id	: GenuineIntel
cpu family	: 6
model		: 60
model name	: Intel(R) Core(TM) i7-4770 CPU @ 3.40GHz
stepping	: 3
microcode	: 0x16
cpu MHz		: 3200.000
cache size	: 8192 KB
physical id	: 0
siblings	: 8
core id		: 1
cpu cores	: 4
apicid		: 3
initial apicid	: 3
fpu		: yes
fpu_exception	: yes
cpuid level	: 13
wp		: yes
flags		: fpu vme de pse tsc msr pae mce cx8 apic sep mtrr pge mca cmov pat pse36 clflush dts acpi mmx fxsr sse sse2 ss ht tm pbe syscall nx pdpe1gb rdtscp lm constant_tsc arch_perfmon pebs bts rep_good nopl xtopology nonstop_tsc aperfmperf eagerfpu pni pclmulqdq dtes64 monitor ds_cpl vmx smx est tm2 ssse3 fma cx16 xtpr pdcm pcid sse4_1 sse4_2 x2apic movbe popcnt tsc_deadline_timer aes xsave avx f16c rdrand lahf_lm abm ida arat xsaveopt pln pts dtherm tpr_shadow vnmi flexpriority ept vpid fsgsbase tsc_adjust bmi1 hle avx2 smep bmi2 erms invpcid rtm
bogomips	: 6800.00
clflush size	: 64
cache_alignment	: 64
address sizes	: 39 bits physical, 48 bits virtual
power management:

processor	: 6
vendor_id	: GenuineIntel
cpu family	: 6
model		: 60
model name	: Intel(R) Core(TM) i7-4770 CPU @ 3.40GHz
stepping	: 3
microcode	: 0x16
cpu MHz		: 3000.000
cache size	: 8192 KB
physical id	: 0
siblings	: 8
core id		: 2
cpu cores	: 4
apicid		: 5
initial apicid	: 5
fpu		: yes
fpu_exception	: yes
cpuid level	: 13
wp		: yes
flags		: fpu vme de pse tsc msr pae mce cx8 apic sep mtrr pge mca cmov pat pse36 clflush dts acpi mmx fxsr sse sse2 ss ht tm pbe syscall nx pdpe1gb rdtscp lm constant_tsc arch_perfmon pebs bts rep_good nopl xtopology nonstop_tsc aperfmperf eagerfpu pni pclmulqdq dtes64 monitor ds_cpl vmx smx est tm2 ssse3 fma cx16 xtpr pdcm pcid sse4_1 sse4_2 x2apic movbe popcnt tsc_deadline_timer aes xsave avx f16c rdrand lahf_lm abm ida arat xsaveopt pln pts dtherm tpr_shadow vnmi flexpriority ept vpid fsgsbase tsc_adjust bmi1 hle avx2 smep bmi2 erms invpcid rtm
bogomips	: 6800.00
clflush size	: 64
cache_alignment	: 64
address sizes	: 39 bits physical, 48 bits virtual
power management:

processor	: 7
vendor_id	: GenuineIntel
cpu family	: 6
model		: 60
model name	: Intel(R) Core(TM) i7-4770 CPU @ 3.40GHz
stepping	: 3
microcode	: 0x16
cpu MHz		: 1900.000
cache size	: 8192 KB
physical id	: 0
siblings	: 8
core id		: 3
cpu cores	: 4
apicid		: 7
initial apicid	: 7
fpu		: yes
fpu_exception	: yes
cpuid level	: 13
wp		: yes
flags		: fpu vme de pse tsc msr pae mce cx8 apic sep mtrr pge mca cmov pat pse36 clflush dts acpi mmx fxsr sse sse2 ss ht tm pbe syscall nx pdpe1gb rdtscp lm constant_tsc arch_perfmon pebs bts rep_good nopl xtopology nonstop_tsc aperfmperf eagerfpu pni pclmulqdq dtes64 monitor ds_cpl vmx smx est tm2 ssse3 fma cx16 xtpr pdcm pcid sse4_1 sse4_2 x2apic movbe popcnt tsc_deadline_timer aes xsave avx f16c rdrand lahf_lm abm ida arat xsaveopt pln pts dtherm tpr_shadow vnmi flexpriority ept vpid fsgsbase tsc_adjust bmi1 hle avx2 smep bmi2 erms invpcid rtm
bogomips	: 6800.00
clflush size	: 64
cache_alignment	: 64
address sizes	: 39 bits physical, 48 bits virtual
power management:



Memory: 4k page, physical 16292584k(4283464k free), swap 4095996k(4085284k free)

vm_info: OpenJDK 64-Bit Server VM (24.79-b02) for linux-amd64 JRE (1.7.0_79-b14), built on Apr 16 2015 10:33:54 by "buildd" with gcc 4.6.3

time: Wed Jul 22 14:30:23 2015
elapsed time: 3 seconds

